Arguments: 
  C:\Program Files\nodejs\node.exe C:\Program Files (x86)\Yarn\bin\yarn.js git --3

PATH: 
  C:\Program Files\Git\mingw64\bin;C:\Program Files\Git\usr\bin;C:\Users\BabyCrushRage\bin;C:\ProgramData\Oracle\Java\javapath;C:\Program Files (x86)\Common Files\Intel\Shared Libraries\redist\intel64\compiler;C:\Windows\system32;C:\Windows;C:\Windows\System32\Wbem;C:\Windows\System32\WindowsPowerShell\v1.0;C:\Program Files (x86)\NVIDIA Corporation\PhysX\Common;C:\Program Files\Git\cmd;C:\xampp\php;C:\ProgramData\ComposerSetup\bin;C:\WINDOWS\system32;C:\WINDOWS;C:\WINDOWS\System32\Wbem;C:\WINDOWS\System32\WindowsPowerShell\v1.0;C:\WINDOWS\System32\OpenSSH;C:\Program Files\PuTTY;C:\Program Files (x86)\Yarn\bin;C:\Program Files\nodejs;C:\Program Files\Docker\Docker\resources\bin;C:\ProgramData\DockerDesktop\version-bin;C:\Users\BabyCrushRage\AppData\Local\Programs\Python\Python39\Scripts;C:\Users\BabyCrushRage\AppData\Local\Programs\Python\Python39;C:\Users\BabyCrushRage\scoop\apps\nodejs\current\bin;C:\Users\BabyCrushRage\scoop\apps\nodejs\current;C:\Users\BabyCrushRage\scoop\apps\yarn\current\Yarn\bin;C:\Users\BabyCrushRage\scoop\persist\yarn\global\node_modules\.bin;C:\Users\BabyCrushRage\scoop\shims;C:\Users\BabyCrushRage\AppData\Local\Microsoft\WindowsApps;C:\Users\BabyCrushRage\AppData\Local\Programs\Microsoft VS Code\bin;C:\Users\BabyCrushRage\AppData\Roaming\Composer\vendor\bin;C:\Users\BabyCrushRage\AppData\Local\Microsoft\WindowsApps;C:\Users\BabyCrushRage\AppData\Local\Yarn\bin;C:\Users\BabyCrushRage\AppData\Roaming\npm

Yarn version: 
  1.22.5

Node version: 
  14.15.5

Platform: 
  win32 x64

Trace: 
  Invariant Violation: Script must exist
      at invariant (C:\Program Files (x86)\Yarn\lib\cli.js:2314:15)
      at C:\Program Files (x86)\Yarn\lib\cli.js:61496:11
      at Generator.next (<anonymous>)
      at step (C:\Program Files (x86)\Yarn\lib\cli.js:310:30)
      at C:\Program Files (x86)\Yarn\lib\cli.js:328:14
      at new Promise (<anonymous>)
      at new F (C:\Program Files (x86)\Yarn\lib\cli.js:5301:28)
      at C:\Program Files (x86)\Yarn\lib\cli.js:307:12
      at realRunCommand (C:\Program Files (x86)\Yarn\lib\cli.js:61581:23)
      at action.action (C:\Program Files (x86)\Yarn\lib\cli.js:61642:16)

npm manifest: 
  {
    "name": "gitshak",
    "version": "1.0.0",
    "main": "index.js",
    "repository": "https://github.com/johnmogi/node.git",
    "author": "johnmogi <anguru@gmail.com>",
    "license": "MIT",
    "scripts": {
      "dev": "echo 'hi'",
      "git": ""
    }
  
  }

yarn manifest: 
  No manifest

Lockfile: 
  No lockfile
